2026-05-23 15:04:26,357 [INFO] === RECLASSIFY START === model=gemma2:27b source=None limit=20 wipe=False
2026-05-23 15:04:42,664 [INFO] Processing 20 groups (9144 chunks)
2026-05-23 15:04:43,835 [DEBUG] TIER1 [grok_know_00405b27-162a-40cb-868a-8d0cd8bfe954_0_0]: 'business'
2026-05-23 15:04:44,643 [DEBUG] TIER1 [grok_know_00405b27-162a-40cb-868a-8d0cd8bfe954_1_0]: 'business'
2026-05-23 15:04:48,417 [DEBUG] ONTOLOGY [grok_know_00405b27-162a-40cb-868a-8d0cd8bfe954_0_0]: 'episteme' source='received'
2026-05-23 15:04:52,155 [DEBUG] ONTOLOGY [grok_know_00405b27-162a-40cb-868a-8d0cd8bfe954_1_0]: 'episteme' source='received'
2026-05-23 15:04:53,005 [DEBUG] TIER1 [grok_know_0091b292-13fe-4b94-ae2d-fbded978246f_0_0]: 'health'
2026-05-23 15:04:56,761 [DEBUG] ONTOLOGY [grok_know_0091b292-13fe-4b94-ae2d-fbded978246f_0_0]: 'episteme' source='received'
2026-05-23 15:04:57,604 [DEBUG] TIER1 [grok_know_0091b292-13fe-4b94-ae2d-fbded978246f_1_0]: 'society'
2026-05-23 15:05:01,471 [DEBUG] ONTOLOGY [grok_know_0091b292-13fe-4b94-ae2d-fbded978246f_1_0]: 'episteme' source='received'
2026-05-23 15:05:02,306 [DEBUG] TIER1 [grok_know_0091b292-13fe-4b94-ae2d-fbded978246f_2_0]: 'society'
2026-05-23 15:05:05,991 [DEBUG] ONTOLOGY [grok_know_0091b292-13fe-4b94-ae2d-fbded978246f_2_0]: 'episteme' source='received'
2026-05-23 15:05:06,825 [DEBUG] TIER1 [grok_know_0091b292-13fe-4b94-ae2d-fbded978246f_3_0]: 'health'
2026-05-23 15:05:10,617 [DEBUG] ONTOLOGY [grok_know_0091b292-13fe-4b94-ae2d-fbded978246f_3_0]: 'episteme' source='received'
2026-05-23 15:05:11,472 [DEBUG] TIER1 [grok_know_0091b292-13fe-4b94-ae2d-fbded978246f_4_0]: 'philosophy'
2026-05-23 15:05:14,888 [DEBUG] ONTOLOGY [grok_know_0091b292-13fe-4b94-ae2d-fbded978246f_4_0]: 'gnosis' source='self'
2026-05-23 15:05:15,778 [DEBUG] TIER1 [grok_know_0091b292-13fe-4b94-ae2d-fbded978246f_5_0]: 'philosophy'
2026-05-23 15:05:19,411 [DEBUG] ONTOLOGY [grok_know_0091b292-13fe-4b94-ae2d-fbded978246f_5_0]: 'pistis' source='received'
2026-05-23 15:05:20,264 [DEBUG] TIER1 [grok_know_0091b292-13fe-4b94-ae2d-fbded978246f_6_0]: 'creative'
2026-05-23 15:05:24,127 [DEBUG] ONTOLOGY [grok_know_0091b292-13fe-4b94-ae2d-fbded978246f_6_0]: 'episteme' source='received'
2026-05-23 15:05:24,985 [DEBUG] TIER1 [grok_know_0091b292-13fe-4b94-ae2d-fbded978246f_7_0]: 'personal'
2026-05-23 15:05:28,426 [DEBUG] ONTOLOGY [grok_know_0091b292-13fe-4b94-ae2d-fbded978246f_7_0]: 'gnosis' source='dialogue'
2026-05-23 15:05:29,273 [DEBUG] TIER1 [grok_know_0091b292-13fe-4b94-ae2d-fbded978246f_8_0]: 'personal'
2026-05-23 15:05:32,714 [DEBUG] ONTOLOGY [grok_know_0091b292-13fe-4b94-ae2d-fbded978246f_8_0]: 'gnosis' source='self'
2026-05-23 15:05:33,559 [DEBUG] TIER1 [grok_know_0091b292-13fe-4b94-ae2d-fbded978246f_9_0]: 'society'
2026-05-23 15:05:37,007 [DEBUG] ONTOLOGY [grok_know_0091b292-13fe-4b94-ae2d-fbded978246f_9_0]: 'gnosis' source='self'
2026-05-23 15:05:37,879 [DEBUG] TIER1 [grok_know_0091b292-13fe-4b94-ae2d-fbded978246f_10_0]: 'society'
2026-05-23 15:05:41,694 [DEBUG] ONTOLOGY [grok_know_0091b292-13fe-4b94-ae2d-fbded978246f_10_0]: 'episteme' source='received'
2026-05-23 15:05:42,554 [DEBUG] TIER1 [grok_know_0091b292-13fe-4b94-ae2d-fbded978246f_11_0]: 'business'
2026-05-23 15:05:46,417 [DEBUG] ONTOLOGY [grok_know_0091b292-13fe-4b94-ae2d-fbded978246f_11_0]: 'episteme' source='received'
2026-05-23 15:05:47,277 [DEBUG] TIER1 [grok_know_0091b292-13fe-4b94-ae2d-fbded978246f_12_0]: 'business'
2026-05-23 15:05:51,042 [DEBUG] ONTOLOGY [grok_know_0091b292-13fe-4b94-ae2d-fbded978246f_12_0]: 'episteme' source='received'
2026-05-23 15:05:51,862 [DEBUG] TIER1 [grok_know_0091b292-13fe-4b94-ae2d-fbded978246f_13_0]: 'business'
2026-05-23 15:05:55,241 [DEBUG] ONTOLOGY [grok_know_0091b292-13fe-4b94-ae2d-fbded978246f_13_0]: 'gnosis' source='self'
2026-05-23 15:05:56,048 [DEBUG] TIER1 [grok_know_037497a2-e3df-4bac-81b6-39d8de6d7874_0_0]: 'health'
2026-05-23 15:05:59,820 [DEBUG] ONTOLOGY [grok_know_037497a2-e3df-4bac-81b6-39d8de6d7874_0_0]: 'episteme' source='received'
2026-05-23 15:06:00,653 [DEBUG] TIER1 [grok_know_037497a2-e3df-4bac-81b6-39d8de6d7874_1_0]: 'health'
2026-05-23 15:06:04,392 [DEBUG] ONTOLOGY [grok_know_037497a2-e3df-4bac-81b6-39d8de6d7874_1_0]: 'episteme' source='received'
2026-05-23 15:06:05,225 [DEBUG] TIER1 [grok_know_037497a2-e3df-4bac-81b6-39d8de6d7874_2_0]: 'health'
2026-05-23 15:06:08,949 [DEBUG] ONTOLOGY [grok_know_037497a2-e3df-4bac-81b6-39d8de6d7874_2_0]: 'episteme' source='received'
2026-05-23 15:06:09,767 [DEBUG] TIER1 [grok_know_03984bca-4e82-4fbf-9e49-597970dbf64d_0_0]: 'health'
2026-05-23 15:06:13,489 [DEBUG] ONTOLOGY [grok_know_03984bca-4e82-4fbf-9e49-597970dbf64d_0_0]: 'episteme' source='received'
2026-05-23 15:06:24,858 [WARNING] VALIDATE_TIER [grok_know_00405b27-162a-40cb-868a-8d0cd8bfe954_0_0 primary]: t2 'legal' invalid for 'business' -> 'operations'
2026-05-23 15:06:24,858 [WARNING] VALIDATE_TIER [grok_know_00405b27-162a-40cb-868a-8d0cd8bfe954_0_0 primary]: t3 '' invalid for 'business/operations' -> 'systems'
2026-05-23 15:06:24,858 [INFO] VALIDATE_TIER [grok_know_00405b27-162a-40cb-868a-8d0cd8bfe954_0_0 primary]: ('business', 'legal', '') -> (business, operations, systems)
2026-05-23 15:06:24,858 [DEBUG] TIER23 [grok_know_00405b27-162a-40cb-868a-8d0cd8bfe954_0_0]: business/operations/systems secondary=none
2026-05-23 15:06:28,720 [DEBUG] ROUTING [grok_know_00405b27-162a-40cb-868a-8d0cd8bfe954_0_0]: {'facts': False, 'style': False, 'engagement': 'passive'}
2026-05-23 15:06:39,746 [WARNING] VALIDATE_TIER [grok_know_00405b27-162a-40cb-868a-8d0cd8bfe954_1_0 primary]: t2 'legal' invalid for 'business' -> 'operations'
2026-05-23 15:06:39,746 [WARNING] VALIDATE_TIER [grok_know_00405b27-162a-40cb-868a-8d0cd8bfe954_1_0 primary]: t3 '' invalid for 'business/operations' -> 'systems'
2026-05-23 15:06:39,746 [INFO] VALIDATE_TIER [grok_know_00405b27-162a-40cb-868a-8d0cd8bfe954_1_0 primary]: ('business', 'legal', '') -> (business, operations, systems)
2026-05-23 15:06:39,746 [DEBUG] TIER23 [grok_know_00405b27-162a-40cb-868a-8d0cd8bfe954_1_0]: business/operations/systems secondary=none
2026-05-23 15:06:43,679 [DEBUG] ROUTING [grok_know_00405b27-162a-40cb-868a-8d0cd8bfe954_1_0]: {'facts': False, 'style': False, 'engagement': 'passive'}
2026-05-23 15:06:56,044 [WARNING] VALIDATE_TIER [grok_know_0091b292-13fe-4b94-ae2d-fbded978246f_0_0 primary]: t3 'stimulants' invalid for 'health/compounds' -> 'technique'
2026-05-23 15:06:56,044 [INFO] VALIDATE_TIER [grok_know_0091b292-13fe-4b94-ae2d-fbded978246f_0_0 primary]: ('health', 'compounds', 'stimulants') -> (health, compounds, technique)
2026-05-23 15:06:56,044 [DEBUG] TIER23 [grok_know_0091b292-13fe-4b94-ae2d-fbded978246f_0_0]: health/compounds/technique secondary=none
2026-05-23 15:06:59,886 [DEBUG] ROUTING [grok_know_0091b292-13fe-4b94-ae2d-fbded978246f_0_0]: {'facts': False, 'style': False, 'engagement': 'passive'}
2026-05-23 15:07:12,003 [DEBUG] TIER23 [grok_know_0091b292-13fe-4b94-ae2d-fbded978246f_1_0]: society/social_dynamics/influence secondary=none
2026-05-23 15:07:18,937 [DEBUG] ROUTING [grok_know_0091b292-13fe-4b94-ae2d-fbded978246f_1_0]: {'facts': False, 'style': False, 'engagement': 'passive'}
2026-05-23 15:07:30,708 [DEBUG] TIER23 [grok_know_0091b292-13fe-4b94-ae2d-fbded978246f_2_0]: society/social_dynamics/influence secondary=none
2026-05-23 15:07:34,537 [DEBUG] ROUTING [grok_know_0091b292-13fe-4b94-ae2d-fbded978246f_2_0]: {'facts': False, 'style': False, 'engagement': 'passive'}
2026-05-23 15:07:46,508 [WARNING] VALIDATE_TIER [grok_know_0091b292-13fe-4b94-ae2d-fbded978246f_3_0 primary]: t3 'addiction' invalid for 'health/mental' -> 'technique'
2026-05-23 15:07:46,508 [INFO] VALIDATE_TIER [grok_know_0091b292-13fe-4b94-ae2d-fbded978246f_3_0 primary]: ('health', 'mental', 'addiction') -> (health, mental, technique)
2026-05-23 15:07:46,509 [DEBUG] TIER23 [grok_know_0091b292-13fe-4b94-ae2d-fbded978246f_3_0]: health/mental/technique secondary=none
2026-05-23 15:07:50,339 [DEBUG] ROUTING [grok_know_0091b292-13fe-4b94-ae2d-fbded978246f_3_0]: {'facts': False, 'style': False, 'engagement': 'passive'}
2026-05-23 15:08:05,469 [DEBUG] TIER23 [grok_know_0091b292-13fe-4b94-ae2d-fbded978246f_4_0]: philosophy/philosophy_of_mind/self secondary=none
2026-05-23 15:08:09,326 [DEBUG] ROUTING [grok_know_0091b292-13fe-4b94-ae2d-fbded978246f_4_0]: {'facts': False, 'style': False, 'engagement': 'passive'}
2026-05-23 15:08:22,541 [DEBUG] TIER23 [grok_know_0091b292-13fe-4b94-ae2d-fbded978246f_5_0]: philosophy/ethics/morality secondary=none
2026-05-23 15:08:26,438 [DEBUG] ROUTING [grok_know_0091b292-13fe-4b94-ae2d-fbded978246f_5_0]: {'facts': False, 'style': False, 'engagement': 'passive'}
2026-05-23 15:08:38,191 [WARNING] VALIDATE_TIER [grok_know_0091b292-13fe-4b94-ae2d-fbded978246f_6_0 primary]: t2 'writing' invalid for 'creative' -> 'content'
2026-05-23 15:08:38,191 [INFO] VALIDATE_TIER [grok_know_0091b292-13fe-4b94-ae2d-fbded978246f_6_0 primary]: ('creative', 'writing', 'scriptwriting') -> (creative, content, scriptwriting)
2026-05-23 15:08:38,191 [DEBUG] TIER23 [grok_know_0091b292-13fe-4b94-ae2d-fbded978246f_6_0]: creative/content/scriptwriting secondary=none
2026-05-23 15:08:42,003 [DEBUG] ROUTING [grok_know_0091b292-13fe-4b94-ae2d-fbded978246f_6_0]: {'facts': False, 'style': False, 'engagement': 'passive'}
2026-05-23 15:08:55,255 [DEBUG] TIER23 [grok_know_0091b292-13fe-4b94-ae2d-fbded978246f_7_0]: personal/identity/self_concept secondary=none
2026-05-23 15:08:59,267 [DEBUG] ROUTING [grok_know_0091b292-13fe-4b94-ae2d-fbded978246f_7_0]: {'facts': False, 'style': False, 'engagement': 'passive'}
2026-05-23 15:09:11,092 [DEBUG] TIER23 [grok_know_0091b292-13fe-4b94-ae2d-fbded978246f_8_0]: personal/relationships/family secondary=none
2026-05-23 15:09:15,345 [DEBUG] ROUTING [grok_know_0091b292-13fe-4b94-ae2d-fbded978246f_8_0]: {'facts': False, 'style': False, 'engagement': 'passive'}
2026-05-23 15:09:27,722 [DEBUG] TIER23 [grok_know_0091b292-13fe-4b94-ae2d-fbded978246f_9_0]: society/social_dynamics/influence secondary=none
2026-05-23 15:09:31,656 [DEBUG] ROUTING [grok_know_0091b292-13fe-4b94-ae2d-fbded978246f_9_0]: {'facts': False, 'style': False, 'engagement': 'passive'}
2026-05-23 15:09:47,377 [DEBUG] TIER23 [grok_know_0091b292-13fe-4b94-ae2d-fbded978246f_10_0]: society/social_dynamics/influence secondary=none
2026-05-23 15:09:51,795 [DEBUG] ROUTING [grok_know_0091b292-13fe-4b94-ae2d-fbded978246f_10_0]: {'facts': False, 'style': False, 'engagement': 'passive'}
2026-05-23 15:10:04,739 [DEBUG] TIER23 [grok_know_0091b292-13fe-4b94-ae2d-fbded978246f_11_0]: business/pub/operations secondary=none
2026-05-23 15:10:09,014 [DEBUG] ROUTING [grok_know_0091b292-13fe-4b94-ae2d-fbded978246f_11_0]: {'facts': False, 'style': False, 'engagement': 'passive'}
2026-05-23 15:10:22,585 [WARNING] VALIDATE_TIER [grok_know_0091b292-13fe-4b94-ae2d-fbded978246f_12_0 primary]: t2 'growth' invalid for 'business' -> 'operations'
2026-05-23 15:10:22,585 [WARNING] VALIDATE_TIER [grok_know_0091b292-13fe-4b94-ae2d-fbded978246f_12_0 primary]: t3 '' invalid for 'business/operations' -> 'systems'
2026-05-23 15:10:22,585 [INFO] VALIDATE_TIER [grok_know_0091b292-13fe-4b94-ae2d-fbded978246f_12_0 primary]: ('business', 'growth', '') -> (business, operations, systems)
2026-05-23 15:10:22,585 [WARNING] VALIDATE_TIER [grok_know_0091b292-13fe-4b94-ae2d-fbded978246f_12_0 secondary]: t3 '' invalid for 'health/training' -> 'technique'
2026-05-23 15:10:22,585 [INFO] VALIDATE_TIER [grok_know_0091b292-13fe-4b94-ae2d-fbded978246f_12_0 secondary]: ('health', 'training', '') -> (health, training, technique)
2026-05-23 15:10:22,585 [DEBUG] TIER23 [grok_know_0091b292-13fe-4b94-ae2d-fbded978246f_12_0]: business/operations/systems secondary=health
2026-05-23 15:10:26,568 [DEBUG] ROUTING [grok_know_0091b292-13fe-4b94-ae2d-fbded978246f_12_0]: {'facts': False, 'style': False, 'engagement': 'passive'}
2026-05-23 15:10:38,044 [DEBUG] TIER23 [grok_know_0091b292-13fe-4b94-ae2d-fbded978246f_13_0]: business/pub/operations secondary=none
2026-05-23 15:10:41,886 [DEBUG] ROUTING [grok_know_0091b292-13fe-4b94-ae2d-fbded978246f_13_0]: {'facts': False, 'style': False, 'engagement': 'passive'}
2026-05-23 15:10:53,812 [DEBUG] TIER23 [grok_know_037497a2-e3df-4bac-81b6-39d8de6d7874_0_0]: health/nutrition/macros secondary=none
2026-05-23 15:10:57,629 [DEBUG] ROUTING [grok_know_037497a2-e3df-4bac-81b6-39d8de6d7874_0_0]: {'facts': False, 'style': False, 'engagement': 'passive'}
2026-05-23 15:11:09,761 [DEBUG] TIER23 [grok_know_037497a2-e3df-4bac-81b6-39d8de6d7874_1_0]: health/nutrition/meal_timing secondary=none
2026-05-23 15:11:13,625 [DEBUG] ROUTING [grok_know_037497a2-e3df-4bac-81b6-39d8de6d7874_1_0]: {'facts': False, 'style': False, 'engagement': 'passive'}
2026-05-23 15:11:25,477 [DEBUG] TIER23 [grok_know_037497a2-e3df-4bac-81b6-39d8de6d7874_2_0]: health/nutrition/macros secondary=none
2026-05-23 15:11:32,564 [DEBUG] ROUTING [grok_know_037497a2-e3df-4bac-81b6-39d8de6d7874_2_0]: {'facts': False, 'style': False, 'engagement': 'passive'}
2026-05-23 15:11:44,706 [DEBUG] TIER23 [grok_know_03984bca-4e82-4fbf-9e49-597970dbf64d_0_0]: health/nutrition/macros secondary=none
2026-05-23 15:11:48,940 [DEBUG] ROUTING [grok_know_03984bca-4e82-4fbf-9e49-597970dbf64d_0_0]: {'facts': False, 'style': False, 'engagement': 'passive'}
2026-05-23 15:11:48,973 [INFO] BATCH 1-20 | stats={'exchanges': 20, 'chunks': 21, 'facts': 0, 'style': 0, 'errors': 0}
2026-05-23 15:11:48,976 [INFO] === RECLASSIFY COMPLETE === stats={'exchanges': 20, 'chunks': 21, 'facts': 0, 'style': 0, 'errors': 0}
